#
# A fatal error has been detected by the Java Runtime Environment:
#
#  Internal Error (javaClasses.cpp:124), pid=7820, tid=6556
#  fatal error: Invalid layout of preloaded class
#
# JRE version:  (8.0_11-b12) (build )
# Java VM: Java HotSpot(TM) 64-Bit Server VM (25.11-b03 mixed mode windows-amd64 compressed oops)
# Failed to write core dump. Minidumps are not enabled by default on client versions of Windows
#
# If you would like to submit a bug report, please visit:
#   http://bugreport.sun.com/bugreport/crash.jsp
#

---------------  T H R E A D  ---------------

Current thread (0x000000000246d800):  JavaThread "Unknown thread" [_thread_in_vm, id=6556, stack(0x0000000002140000,0x0000000002240000)]

Stack: [0x0000000002140000,0x0000000002240000]
Native frames: (J=compiled Java code, j=interpreted, Vv=VM code, C=native code)
V  [jvm.dll+0x308eca]
V  [jvm.dll+0x25e121]
V  [jvm.dll+0x25ed33]
V  [jvm.dll+0x256686]
V  [jvm.dll+0x5d4cc]
V  [jvm.dll+0x5d5c3]
V  [jvm.dll+0x71efa]
V  [jvm.dll+0x72258]
V  [jvm.dll+0xe1927]
V  [jvm.dll+0xe1cb6]
V  [jvm.dll+0x1f1407]
V  [jvm.dll+0x2229b4]
V  [jvm.dll+0x14a151]
C  [javaw.exe+0x208a]
C  [javaw.exe+0xc9fb]
C  [javaw.exe+0xca8f]
C  [KERNEL32.DLL+0x16ad]
C  [ntdll.dll+0x74629]


---------------  P R O C E S S  ---------------

Java Threads: ( => current thread )

Other Threads:

=>0x000000000246d800 (exited) JavaThread "Unknown thread" [_thread_in_vm, id=6556, stack(0x0000000002140000,0x0000000002240000)]

VM state:not at safepoint (not fully initialized)

VM Mutex/Monitor currently owned by a thread: None

GC Heap History (0 events):
No events

Deoptimization events (0 events):
No events

Internal exceptions (0 events):
No events

Events (10 events):
Event: 0.010 loading class java/lang/CharSequence done
Event: 0.010 loading class java/lang/String done
Event: 0.010 loading class java/lang/Class
Event: 0.010 loading class java/lang/reflect/AnnotatedElement
Event: 0.010 loading class java/lang/reflect/AnnotatedElement done
Event: 0.010 loading class java/lang/reflect/GenericDeclaration
Event: 0.010 loading class java/lang/reflect/GenericDeclaration done
Event: 0.010 loading class java/lang/reflect/Type
Event: 0.010 loading class java/lang/reflect/Type done
Event: 0.010 loading class java/lang/Class done


Dynamic libraries:
0x00007ff6ad6d0000 - 0x00007ff6ad704000 	C:\Program Files\Java\jre8\bin\javaw.exe
0x00007ffc35fd0000 - 0x00007ffc3617a000 	C:\WINDOWS\SYSTEM32\ntdll.dll
0x00007ffc35990000 - 0x00007ffc35aca000 	C:\WINDOWS\system32\KERNEL32.DLL
0x00007ffc33740000 - 0x00007ffc3384f000 	C:\WINDOWS\system32\KERNELBASE.dll
0x00007ffc31f70000 - 0x00007ffc31ff8000 	C:\WINDOWS\system32\apphelp.dll
0x00007ffc23560000 - 0x00007ffc235af000 	C:\WINDOWS\AppPatch\AppPatch64\AcGenral.DLL
0x00007ffc35360000 - 0x00007ffc35407000 	C:\WINDOWS\system32\msvcrt.dll
0x00007ffc33180000 - 0x00007ffc331ab000 	C:\WINDOWS\SYSTEM32\SspiCli.dll
0x00007ffc35930000 - 0x00007ffc35981000 	C:\WINDOWS\system32\SHLWAPI.dll
0x00007ffc351e0000 - 0x00007ffc35351000 	C:\WINDOWS\system32\USER32.dll
0x00007ffc35410000 - 0x00007ffc35588000 	C:\WINDOWS\system32\ole32.dll
0x00007ffc33a30000 - 0x00007ffc34e50000 	C:\WINDOWS\system32\SHELL32.dll
0x00007ffc32910000 - 0x00007ffc3292e000 	C:\WINDOWS\SYSTEM32\USERENV.dll
0x00007ffc35ee0000 - 0x00007ffc35f85000 	C:\WINDOWS\system32\ADVAPI32.dll
0x00007ffc2b5a0000 - 0x00007ffc2b5bb000 	C:\WINDOWS\SYSTEM32\MPR.dll
0x00007ffc33850000 - 0x00007ffc33986000 	C:\WINDOWS\system32\RPCRT4.dll
0x00007ffc35cb0000 - 0x00007ffc35d07000 	C:\WINDOWS\SYSTEM32\sechost.dll
0x00007ffc35ad0000 - 0x00007ffc35ca6000 	C:\WINDOWS\SYSTEM32\combase.dll
0x00007ffc357e0000 - 0x00007ffc35924000 	C:\WINDOWS\system32\GDI32.dll
0x00007ffc33340000 - 0x00007ffc33354000 	C:\WINDOWS\SYSTEM32\profapi.dll
0x00007ffc319a0000 - 0x00007ffc31a3f000 	C:\WINDOWS\SYSTEM32\SHCORE.dll
0x00007ffc35f90000 - 0x00007ffc35fc4000 	C:\WINDOWS\system32\IMM32.DLL
0x00007ffc34e50000 - 0x00007ffc34f89000 	C:\WINDOWS\system32\MSCTF.dll
0x00007ffc31570000 - 0x00007ffc317ca000 	C:\WINDOWS\WinSxS\amd64_microsoft.windows.common-controls_6595b64144ccf1df_6.0.9600.17031_none_6242a4b3ecbb55a1\COMCTL32.dll
0x0000000057ab0000 - 0x0000000057b82000 	C:\Program Files\Java\jre8\bin\msvcr100.dll
0x0000000057280000 - 0x0000000057aaa000 	C:\Program Files\Java\jre8\bin\server\jvm.dll
0x00007ffc2ba00000 - 0x00007ffc2ba09000 	C:\WINDOWS\SYSTEM32\WSOCK32.dll
0x00007ffc2c040000 - 0x00007ffc2c05f000 	C:\WINDOWS\SYSTEM32\WINMM.dll
0x00007ffc33a20000 - 0x00007ffc33a27000 	C:\WINDOWS\system32\PSAPI.DLL
0x00007ffc339c0000 - 0x00007ffc33a18000 	C:\WINDOWS\system32\WS2_32.dll
0x00007ffc2c010000 - 0x00007ffc2c03a000 	C:\WINDOWS\SYSTEM32\WINMMBASE.dll
0x00007ffc35db0000 - 0x00007ffc35db9000 	C:\WINDOWS\system32\NSI.dll
0x00007ffc336f0000 - 0x00007ffc3373a000 	C:\WINDOWS\SYSTEM32\cfgmgr32.dll
0x00007ffc321c0000 - 0x00007ffc321e6000 	C:\WINDOWS\SYSTEM32\DEVOBJ.dll
0x0000000057270000 - 0x000000005727f000 	C:\Program Files\Java\jre8\bin\verify.dll
0x0000000057240000 - 0x0000000057268000 	C:\Program Files\Java\jre8\bin\java.dll
0x0000000057220000 - 0x0000000057236000 	C:\Program Files\Java\jre8\bin\zip.dll
0x00007ffc27800000 - 0x00007ffc27988000 	C:\WINDOWS\SYSTEM32\dbghelp.dll

VM Arguments:
jvm_args: -Dfile.encoding=Cp1252 -Xbootclasspath:C:\Eclipse\adt-bundle-windows-x86_64-20140702\sdk\platforms\android-20\android.jar 
java_command: project.startup.logic.main.Semantic3Connect
java_class_path (initial): C:\Users\Abhishek\Documents\AndroidApplications\Startup\bin\classes;C:\Users\Abhishek\Documents\AndroidApplications\Startup\libs\android-support-v4.jar;C:\Users\Abhishek\Documents\AndroidApplications\Startup\libs\scanditsdk-barcodepicker-android-4.0.1.jar;C:\Users\Abhishek\Documents\AndroidApplications\appcompat_v7\libs\android-support-v7-appcompat.jar;C:\Users\Abhishek\Documents\AndroidApplications\appcompat_v7\bin\appcompat_v7.jar;C:\Users\Abhishek\Downloads\signpost-core-1.2.1.2.jar;C:\Users\Abhishek\Downloads\commons-codec-1.7.jar
Launcher Type: SUN_STANDARD

Environment Variables:
JAVA_HOME=C:\Program Files\Java\jdk1.7.0_15
PATH=C:\Python33\;C:\Program Files (x86)\NVIDIA Corporation\PhysX\Common;C:\WINDOWS\system32;C:\WINDOWS;C:\WINDOWS\System32\Wbem;C:\WINDOWS\System32\WindowsPowerShell\v1.0\;C:\Program Files\Microsoft\Web Platform Installer\;C:\Program Files (x86)\Microsoft ASP.NET\ASP.NET Web Pages\v1.0\;C:\Program Files\Microsoft SQL Server\110\Tools\Binn\;C:\Program Files (x86)\GtkSharp\2.12\bin;c:\Program Files (x86)\Microsoft SQL Server\100\Tools\Binn\;c:\Program Files\Microsoft SQL Server\100\Tools\Binn\;c:\Program Files\Microsoft SQL Server\100\DTS\Binn\;C:\Program Files (x86)\Windows Kits\8.1\Windows Performance Toolkit\;C:\Program Files (x86)\Microsoft SDKs\TypeScript\1.0\;C:\Program Files\nodejs\;C:\Program Files\Java\jdk1.7.0_15\bin\;C:\Program Files\Java\jdk1.8.0_11\bin\;C:\RailsInstaller\Ruby2.0.0\bin;C:\RailsInstaller\Git\cmd;C:\RailsInstaller\Ruby1.9.3\bin;C:\Users\Abhishek\AppData\Roaming\npm;C:\Users\Abhishek\Documents\apache-maven-3.2.2\bin;C:\Program Files\Java\jdk1.8.0_11\bin
USERNAME=Abhishek
OS=Windows_NT
PROCESSOR_IDENTIFIER=Intel64 Family 6 Model 42 Stepping 7, GenuineIntel



---------------  S Y S T E M  ---------------

OS: Windows 8.1 , 64 bit Build 9600 

CPU:total 8 (4 cores per cpu, 2 threads per core) family 6 model 42 stepping 7, cmov, cx8, fxsr, mmx, sse, sse2, sse3, ssse3, sse4.1, sse4.2, popcnt, avx, aes, clmul, ht, tsc, tscinvbit

Memory: 4k page, physical 8335212k(2760340k free), swap 9777004k(3216572k free)

vm_info: Java HotSpot(TM) 64-Bit Server VM (25.11-b03) for windows-amd64 JRE (1.8.0_11-b12), built on Jun 16 2014 20:57:32 by "java_re" with MS VC++ 10.0 (VS2010)

time: Tue Jul 22 20:01:01 2014
elapsed time: 0 seconds

